<?xml version="1.0" encoding="UTF-8"?>
<!-- Generated by org.testng.reporters.JUnitReportReporter -->
<testsuite hostname="kulkarni" failures="0" tests="5" name="tests.Demo1Test" time="65.895" errors="0" timestamp="2023-09-23T13:53:39 IST" skipped="3">
  <testcase classname="tests.Demo1Test" name="navigateToTrelloPage" time="11.701"/>
  <system-out/>
  <testcase classname="tests.Demo1Test" name="navigateToTrelloPage" time="15.903">
    <skipped/>
  </testcase> <!-- navigateToTrelloPage -->
  <system-out/>
  <testcase classname="tests.Demo1Test" name="navigateToTrelloPage" time="18.775"/>
  <system-out/>
  <testcase classname="tests.Demo1Test" name="navigateToGitHubPage" time="19.516">
    <skipped/>
  </testcase> <!-- navigateToGitHubPage -->
  <system-out/>
  <testcase classname="tests.Demo1Test" name="navigateCucumberWebSite">
    <skipped/>
  </testcase> <!-- navigateCucumberWebSite -->
  <system-out/>
</testsuite> <!-- tests.Demo1Test -->
